<?xml version="1.0" encoding="UTF-8"?>
<!-- Generated by org.testng.reporters.JUnitXMLReporter -->
<testsuite hostname="vasu-PC" name="PrimusBank" tests="4" failures="0" timestamp="4 May 2021 03:22:59 GMT" time="0.114" errors="0">
  <testcase name="method1" time="0.018" classname="com.selenium.testng.AnnotationsTest1"/>
  <testcase name="method2" time="0.003" classname="com.selenium.testng.AnnotationsTest1"/>
  <testcase name="method3" time="0.005" classname="com.selenium.testng.AnnotationsTest2"/>
  <testcase name="method4" time="0.003" classname="com.selenium.testng.AnnotationsTest2"/>
</testsuite> <!-- PrimusBank -->
