<?xml version="1.0" encoding="UTF-8"?>
<testng-results skipped="0" failed="0" total="2" passed="2">
  <reporter-output>
  </reporter-output>
  <suite name="Default suite" duration-ms="77" started-at="2021-05-05T03:13:43Z" finished-at="2021-05-05T03:13:43Z">
    <groups>
    </groups>
    <test name="Default test" duration-ms="77" started-at="2021-05-05T03:13:43Z" finished-at="2021-05-05T03:13:43Z">
      <class name="com.selenium.testng.ParameterizationTest">
        <test-method status="PASS" signature="login(java.lang.String, java.lang.String, java.lang.String)[pri:0, instance:com.selenium.testng.ParameterizationTest@3ab39c39]" name="login" duration-ms="27" started-at="2021-05-05T08:43:43Z" data-provider="getData" finished-at="2021-05-05T08:43:43Z">
          <params>
            <param index="0">
              <value>
                <![CDATA[Selenium1]]>
              </value>
            </param>
            <param index="1">
              <value>
                <![CDATA[Training1]]>
              </value>
            </param>
            <param index="2">
              <value>
                <![CDATA[Selenium2]]>
              </value>
            </param>
          </params>
          <reporter-output>
          </reporter-output>
        </test-method> <!-- login -->
        <test-method status="PASS" signature="login(java.lang.String, java.lang.String, java.lang.String)[pri:0, instance:com.selenium.testng.ParameterizationTest@3ab39c39]" name="login" duration-ms="2" started-at="2021-05-05T08:43:43Z" data-provider="getData" finished-at="2021-05-05T08:43:43Z">
          <params>
            <param index="0">
              <value>
                <![CDATA[Selenium1]]>
              </value>
            </param>
            <param index="1">
              <value>
                <![CDATA[Training1]]>
              </value>
            </param>
            <param index="2">
              <value>
                <![CDATA[Selenium2]]>
              </value>
            </param>
          </params>
          <reporter-output>
          </reporter-output>
        </test-method> <!-- login -->
      </class> <!-- com.selenium.testng.ParameterizationTest -->
    </test> <!-- Default test -->
  </suite> <!-- Default suite -->
</testng-results>
