<?xml version="1.0" encoding="UTF-8"?>
<testng-results skipped="0" failed="0" total="1" passed="1">
  <reporter-output>
  </reporter-output>
  <suite name="Default suite" duration-ms="159751" started-at="2021-05-14T03:23:34Z" finished-at="2021-05-14T03:26:14Z">
    <groups>
    </groups>
    <test name="Default test" duration-ms="159751" started-at="2021-05-14T03:23:34Z" finished-at="2021-05-14T03:26:14Z">
      <class name="com.selenium.excel.keywordriven">
        <test-method status="PASS" signature="keywordprg()[pri:0, instance:com.selenium.excel.keywordriven@2aafb23c]" name="keywordprg" duration-ms="159704" started-at="2021-05-14T08:53:34Z" finished-at="2021-05-14T08:56:14Z">
          <reporter-output>
          </reporter-output>
        </test-method> <!-- keywordprg -->
      </class> <!-- com.selenium.excel.keywordriven -->
    </test> <!-- Default test -->
  </suite> <!-- Default suite -->
</testng-results>
